# JRE version: Java(TM) SE Runtime Environment (17.0.11+7) (build 17.0.11+7-LTS-207)
# Java VM: Java HotSpot(TM) 64-Bit Server VM (17.0.11+7-LTS-207, mixed mode, sharing, tiered, compressed oops, compressed class ptrs, g1 gc, windows-amd64)
GC Precious Log:
 CPUs: 8 total, 8 available
 Memory: 16120M
 Large Page Support: Disabled
 NUMA Support: Disabled
 Compressed Oops: Enabled (32-bit)
 Heap Region Size: 1M
 Heap Min Capacity: 8M
 Heap Initial Capacity: 252M
 Heap Max Capacity: 2G
 Pre-touch: Disabled
 Parallel Workers: 8
 Concurrent Workers: 2
 Concurrent Refinement Workers: 8
 Periodic GC: Disabled
Heap:
 garbage-first heap   total 438272K, used 353698K [0x0000000080000000, 0x0000000100000000)
  region size 1024K, 102 young (104448K), 9 survivors (9216K)
 Metaspace       used 127260K, committed 128832K, reserved 557056K
  class space    used 17176K, committed 17856K, reserved 425984K
GC Heap History (20 events):
Event: 42.591 GC heap before
{Heap before GC invocations=57 (full 0):
 garbage-first heap   total 326656K, used 269267K [0x0000000080000000, 0x0000000100000000)
  region size 1024K, 68 young (69632K), 10 survivors (10240K)
 Metaspace       used 118209K, committed 119552K, reserved 557056K
  class space    used 16369K, committed 17024K, reserved 425984K
}
Event: 42.612 GC heap after
{Heap after GC invocations=58 (full 0):
 garbage-first heap   total 326656K, used 219213K [0x0000000080000000, 0x0000000100000000)
  region size 1024K, 8 young (8192K), 8 survivors (8192K)
 Metaspace       used 118209K, committed 119552K, reserved 557056K
  class space    used 16369K, committed 17024K, reserved 425984K
}
Event: 42.862 GC heap before
{Heap before GC invocations=58 (full 0):
 garbage-first heap   total 326656K, used 271437K [0x0000000080000000, 0x0000000100000000)
  region size 1024K, 60 young (61440K), 8 survivors (8192K)
 Metaspace       used 118209K, committed 119552K, reserved 557056K
  class space    used 16369K, committed 17024K, reserved 425984K
}
Event: 42.869 GC heap after
{Heap after GC invocations=59 (full 0):
 garbage-first heap   total 326656K, used 221068K [0x0000000080000000, 0x0000000100000000)
  region size 1024K, 4 young (4096K), 4 survivors (4096K)
 Metaspace       used 118209K, committed 119552K, reserved 557056K
  class space    used 16369K, committed 17024K, reserved 425984K
}
Event: 43.576 GC heap before
{Heap before GC invocations=59 (full 0):
 garbage-first heap   total 326656K, used 275340K [0x0000000080000000, 0x0000000100000000)
  region size 1024K, 57 young (58368K), 4 survivors (4096K)
 Metaspace       used 118479K, committed 119808K, reserved 557056K
  class space    used 16405K, committed 17024K, reserved 425984K
}
Event: 43.586 GC heap after
{Heap after GC invocations=60 (full 0):
 garbage-first heap   total 326656K, used 225189K [0x0000000080000000, 0x0000000100000000)
  region size 1024K, 8 young (8192K), 8 survivors (8192K)
 Metaspace       used 118479K, committed 119808K, reserved 557056K
  class space    used 16405K, committed 17024K, reserved 425984K
}
Event: 43.914 GC heap before
{Heap before GC invocations=60 (full 0):
 garbage-first heap   total 326656K, used 275365K [0x0000000080000000, 0x0000000100000000)
  region size 1024K, 58 young (59392K), 8 survivors (8192K)
 Metaspace       used 118482K, committed 119808K, reserved 557056K
  class space    used 16405K, committed 17024K, reserved 425984K
}
Event: 43.924 GC heap after
{Heap after GC invocations=61 (full 0):
 garbage-first heap   total 326656K, used 226318K [0x0000000080000000, 0x0000000100000000)
  region size 1024K, 4 young (4096K), 4 survivors (4096K)
 Metaspace       used 118482K, committed 119808K, reserved 557056K
  class space    used 16405K, committed 17024K, reserved 425984K
}
Event: 44.228 GC heap before
{Heap before GC invocations=61 (full 0):
 garbage-first heap   total 326656K, used 276494K [0x0000000080000000, 0x0000000100000000)
  region size 1024K, 54 young (55296K), 4 survivors (4096K)
 Metaspace       used 118482K, committed 119808K, reserved 557056K
  class space    used 16405K, committed 17024K, reserved 425984K
}
Event: 44.235 GC heap after
{Heap after GC invocations=62 (full 0):
 garbage-first heap   total 438272K, used 226914K [0x0000000080000000, 0x0000000100000000)
  region size 1024K, 4 young (4096K), 4 survivors (4096K)
 Metaspace       used 118482K, committed 119808K, reserved 557056K
  class space    used 16405K, committed 17024K, reserved 425984K
}
Event: 46.301 GC heap before
{Heap before GC invocations=62 (full 0):
 garbage-first heap   total 438272K, used 363106K [0x0000000080000000, 0x0000000100000000)
  region size 1024K, 138 young (141312K), 4 survivors (4096K)
 Metaspace       used 119108K, committed 120576K, reserved 557056K
  class space    used 16486K, committed 17152K, reserved 425984K
}
Event: 46.315 GC heap after
{Heap after GC invocations=63 (full 0):
 garbage-first heap   total 438272K, used 238623K [0x0000000080000000, 0x0000000100000000)
  region size 1024K, 16 young (16384K), 16 survivors (16384K)
 Metaspace       used 119108K, committed 120576K, reserved 557056K
  class space    used 16486K, committed 17152K, reserved 425984K
}
Event: 47.297 GC heap before
{Heap before GC invocations=63 (full 0):
 garbage-first heap   total 438272K, used 362527K [0x0000000080000000, 0x0000000100000000)
  region size 1024K, 136 young (139264K), 16 survivors (16384K)
 Metaspace       used 120294K, committed 121792K, reserved 557056K
  class space    used 16584K, committed 17280K, reserved 425984K
}
Event: 47.315 GC heap after
{Heap after GC invocations=64 (full 0):
 garbage-first heap   total 438272K, used 251034K [0x0000000080000000, 0x0000000100000000)
  region size 1024K, 12 young (12288K), 12 survivors (12288K)
 Metaspace       used 120294K, committed 121792K, reserved 557056K
  class space    used 16584K, committed 17280K, reserved 425984K
}
Event: 1352.312 GC heap before
{Heap before GC invocations=64 (full 0):
 garbage-first heap   total 438272K, used 365722K [0x0000000080000000, 0x0000000100000000)
  region size 1024K, 120 young (122880K), 12 survivors (12288K)
 Metaspace       used 126544K, committed 128000K, reserved 557056K
  class space    used 17133K, committed 17792K, reserved 425984K
}
Event: 1352.417 GC heap after
{Heap after GC invocations=65 (full 0):
 garbage-first heap   total 438272K, used 254907K [0x0000000080000000, 0x0000000100000000)
  region size 1024K, 5 young (5120K), 5 survivors (5120K)
 Metaspace       used 126544K, committed 128000K, reserved 557056K
  class space    used 17133K, committed 17792K, reserved 425984K
}
Event: 7072.312 GC heap before
{Heap before GC invocations=65 (full 0):
 garbage-first heap   total 438272K, used 364475K [0x0000000080000000, 0x0000000100000000)
  region size 1024K, 113 young (115712K), 5 survivors (5120K)
 Metaspace       used 126620K, committed 128064K, reserved 557056K
  class space    used 17133K, committed 17792K, reserved 425984K
}
Event: 7072.426 GC heap after
{Heap after GC invocations=66 (full 0):
 garbage-first heap   total 438272K, used 254388K [0x0000000080000000, 0x0000000100000000)
  region size 1024K, 4 young (4096K), 4 survivors (4096K)
 Metaspace       used 126620K, committed 128064K, reserved 557056K
  class space    used 17133K, committed 17792K, reserved 425984K
}
Event: 9465.679 GC heap before
{Heap before GC invocations=66 (full 0):
 garbage-first heap   total 438272K, used 371124K [0x0000000080000000, 0x0000000100000000)
  region size 1024K, 118 young (120832K), 4 survivors (4096K)
 Metaspace       used 126955K, committed 128448K, reserved 557056K
  class space    used 17159K, committed 17856K, reserved 425984K
}
Event: 9465.802 GC heap after
{Heap after GC invocations=67 (full 0):
 garbage-first heap   total 438272K, used 259490K [0x0000000080000000, 0x0000000100000000)
  region size 1024K, 9 young (9216K), 9 survivors (9216K)
 Metaspace       used 126955K, committed 128448K, reserved 557056K
  class space    used 17159K, committed 17856K, reserved 425984K
}

